<?xml version="1.0" encoding="UTF-8"?>
<testng-results skipped="0" failed="0" ignored="1" total="2" passed="1">
  <reporter-output>
  </reporter-output>
  <suite name="Default suite" duration-ms="4181" started-at="2021-11-09T12:08:11Z" finished-at="2021-11-09T12:08:15Z">
    <groups>
    </groups>
    <test name="Default test" duration-ms="4181" started-at="2021-11-09T12:08:11Z" finished-at="2021-11-09T12:08:15Z">
      <class name="day1_API.GitHubExample">
        <test-method status="PASS" signature="addRepository()[pri:0, instance:day1_API.GitHubExample@275710fc]" name="addRepository" duration-ms="4093" started-at="2021-11-09T12:08:11Z" description="Getting all repositories" finished-at="2021-11-09T12:08:15Z">
          <reporter-output>
          </reporter-output>
        </test-method> <!-- addRepository -->
      </class> <!-- day1_API.GitHubExample -->
    </test> <!-- Default test -->
  </suite> <!-- Default suite -->
</testng-results>
